* using log directory 'C:/Users/KRC/Desktop/RForge/clonefinder/pkg/CloneSeeker.Rcheck'
* using R version 4.2.1 (2022-06-23 ucrt)
* using platform: x86_64-w64-mingw32 (64-bit)
* using session charset: UTF-8
* using option '--as-cran'
* checking for file 'CloneSeeker/DESCRIPTION' ... OK
* this is package 'CloneSeeker' version '1.0.11'
* checking CRAN incoming feasibility ... WARNING
Maintainer: 'Kevin R. Coombes <krc@silicovore.com>'

Insufficient package version (submitted: 1.0.11, existing: 1.0.11)
* checking package namespace information ... OK
* checking package dependencies ... OK
* checking if this is a source package ... OK
* checking if there is a namespace ... OK
* checking for executable files ... OK
* checking for hidden files and directories ... OK
* checking for portable file names ... OK
* checking serialization versions ... OK
* checking whether package 'CloneSeeker' can be installed ... OK
* checking installed package size ... OK
* checking package directory ... OK
* checking for future file timestamps ... OK
* checking 'build' directory ... OK
* checking DESCRIPTION meta-information ... OK
* checking top-level files ... OK
* checking for left-over files ... OK
* checking index information ... OK
* checking package subdirectories ... OK
* checking R files for non-ASCII characters ... OK
* checking R files for syntax errors ... OK
* checking whether the package can be loaded ... OK
* checking whether the package can be loaded with stated dependencies ... OK
* checking whether the package can be unloaded cleanly ... OK
* checking whether the namespace can be loaded with stated dependencies ... OK
* checking whether the namespace can be unloaded cleanly ... OK
* checking use of S3 registration ... OK
* checking dependencies in R code ... OK
* checking S3 generic/method consistency ... OK
* checking replacement functions ... OK
* checking foreign function calls ... OK
* checking R code for possible problems ... OK
* checking Rd files ... OK
* checking Rd metadata ... OK
* checking Rd line widths ... OK
* checking Rd cross-references ... OK
* checking for missing documentation entries ... OK
* checking for code/documentation mismatches ... OK
* checking Rd \usage sections ... OK
* checking Rd contents ... OK
* checking for unstated dependencies in examples ... OK
* checking R/sysdata.rda ... OK
* checking sizes of PDF files under 'inst/doc' ... OK
* checking installed files from 'inst/doc' ... OK
* checking files in 'vignettes' ... OK
* checking examples ... OK
* checking examples with --run-donttest ... OK
* checking for unstated dependencies in 'tests' ... OK
* checking tests ... OK
  Running 'test01-Simplex.R'
  Comparing 'test01-Simplex.Rout' to 'test01-Simplex.Rout.save' ... OK
  Running 'test02-WV.R'
  Comparing 'test02-WV.Rout' to 'test02-WV.Rout.save' ... OK
  Running 'test03-simulate.R' [11s]
  Comparing 'test03-simulate.Rout' to 'test03-simulate.Rout.save' ... OK
  Running 'test04-algorithm.R' [30s]
  Comparing 'test04-algorithm.Rout' to 'test04-algorithm.Rout.save' ... OK
* checking for unstated dependencies in vignettes ... OK
* checking package vignettes in 'inst/doc' ... OK
* checking re-building of vignette outputs ... OK
* checking PDF version of manual ... OK
* skipping checking HTML version of manual: no command 'tidy' found
* checking for non-standard things in the check directory ... OK
* checking for detritus in the temp directory ... OK
* DONE
Status: 1 WARNING
